[2025-12-04 10:03:31,368] multiqc                                            [DEBUG  ]  This is MultiQC v1.21
[2025-12-04 10:03:31,372] multiqc                                            [DEBUG  ]  Command used: /projects/rpci/vprahlad/jcruzcorchado/conda/envs/multiqc/bin/multiqc -n umi.consensus -o /vscratch/grp-vprahlad/umi_celegans_consensus/MultiQC /vscratch/grp-vprahlad/umi_celegans_consensus
[2025-12-04 10:03:33,558] multiqc                                            [DEBUG  ]  Timed out after waiting for 2s for multiqc.info to check latest version: HTTPSConnectionPool(host='api.multiqc.info', port=443): Read timed out. (read timeout=2)
[2025-12-04 10:03:33,558] multiqc                                            [DEBUG  ]  Working dir : /vscratch/grp-vprahlad/umi_celegans_consensus
[2025-12-04 10:03:33,558] multiqc                                            [DEBUG  ]  Template    : default
[2025-12-04 10:03:33,558] multiqc                                            [DEBUG  ]  Running Python 3.11.5 | packaged by conda-forge | (main, Aug 27 2023, 03:34:09) [GCC 12.3.0]
[2025-12-04 10:03:33,559] multiqc                                            [DEBUG  ]  Analysing modules: custom_content, ccs, ngsderive, purple, conpair, isoseq, lima, peddy, somalier, methylqa, mosdepth, phantompeakqualtools, qualimap, bamdst, preseq, hifiasm, quast, qorts, rna_seqc, rockhopper, rsem, rseqc, busco, bustools, goleft_indexcov, gffcompare, disambiguate, supernova, deeptools, sargasso, verifybamid, mirtrace, happy, mirtop, sambamba, gopeaks, homer, hops, macs2, theta2, snpeff, gatk, htseq, bcftools, featureCounts, fgbio, dragen, dragen_fastqc, dedup, pbmarkdup, damageprofiler, mapdamage, biobambam2, jcvi, mtnucratio, picard, vep, bakta, prokka, qc3C, nanostat, samblaster, samtools, sexdeterrmine, seqera_cli, eigenstratdatabasetools, bamtools, jellyfish, vcftools, longranger, stacks, varscan2, snippy, umitools, truvari, megahit, bbmap, bismark, biscuit, diamond, hicexplorer, hicup, hicpro, salmon, kallisto, slamdunk, star, hisat2, tophat, bowtie2, bowtie1, cellranger, snpsplit, odgi, pangolin, nextclade, freyja, humid, kat, leehom, librarian, nonpareil, adapterRemoval, bbduk, clipandmerge, cutadapt, flexbar, sourmash, kaiju, bracken, kraken, malt, motus, trimmomatic, sickle, skewer, sortmerna, biobloomtools, fastq_screen, afterqc, fastp, fastqc, filtlong, prinseqplusplus, pychopper, porechop, pycoqc, minionqc, anglerfish, multivcfanalyzer, clusterflow, checkqc, bcl2fastq, bclconvert, interop, ivar, flash, seqyclean, optitype, whatshap, spaceranger, xenome, xengsort, metaphlan, seqwho
[2025-12-04 10:03:33,559] multiqc                                            [DEBUG  ]  Using temporary directory for creating report: /tmp/tmpecldrjym
[2025-12-04 10:03:33,583] multiqc                                            [INFO   ]  Search path : /vscratch/grp-vprahlad/umi_celegans_consensus
[2025-12-04 10:03:37,723] multiqc                                            [DEBUG  ]  Summary of files that were skipped by the search: [skipped_module_specific_max_filesize: 1105] // [skipped_no_match: 224] // [skipped_ignore_pattern: 116] // [skipped_filesize_limit: 15]
[2025-12-04 10:03:37,962] multiqc                                            [DEBUG  ]  No samples found: custom_content
[2025-12-04 10:03:38,008] multiqc.modules.snpeff.snpeff                      [INFO   ]  Found 6 reports
[2025-12-04 10:03:38,009] multiqc.utils.util_functions                       [DEBUG  ]  Wrote data file multiqc_snpeff.txt
[2025-12-04 10:03:39,010] multiqc.modules.gatk.base_recalibrator             [INFO   ]  Found 6 BaseRecalibrator reports
[2025-12-04 10:03:39,039] multiqc.utils.util_functions                       [DEBUG  ]  Wrote data file gatk_base_recalibrator.txt
[2025-12-04 10:03:40,462] multiqc                                            [DEBUG  ]  No samples found: htseq
[2025-12-04 10:03:40,655] multiqc.utils.util_functions                       [DEBUG  ]  Wrote data file multiqc_picard_AlignmentSummaryMetrics.txt
[2025-12-04 10:03:40,666] multiqc.modules.picard.picard                      [INFO   ]  Found 6 AlignmentSummaryMetrics reports
[2025-12-04 10:03:40,667] multiqc.utils.util_functions                       [DEBUG  ]  Wrote data file picard_histogram.txt
[2025-12-04 10:03:40,667] multiqc.utils.util_functions                       [DEBUG  ]  Wrote data file picard_histogram_1.txt
[2025-12-04 10:03:40,667] multiqc.utils.util_functions                       [DEBUG  ]  Wrote data file picard_histogram_2.txt
[2025-12-04 10:03:40,687] multiqc                                            [DEBUG  ]  No samples found: snippy
[2025-12-04 10:03:40,739] multiqc.modules.star.star                          [DEBUG  ]  Duplicate sample name found! Overwriting: N2.30min.HS.1
[2025-12-04 10:03:40,749] multiqc.modules.star.star                          [DEBUG  ]  Duplicate sample name found! Overwriting: N2.30min.HS.2
[2025-12-04 10:03:40,761] multiqc.modules.star.star                          [DEBUG  ]  Duplicate sample name found! Overwriting: N2.30min.HS.3
[2025-12-04 10:03:40,771] multiqc.modules.star.star                          [DEBUG  ]  Duplicate sample name found! Overwriting: PRDE1.30min.HS.1
[2025-12-04 10:03:40,780] multiqc.modules.star.star                          [DEBUG  ]  Duplicate sample name found! Overwriting: PRDE1.30min.HS.2
[2025-12-04 10:03:40,789] multiqc.modules.star.star                          [DEBUG  ]  Duplicate sample name found! Overwriting: PRDE1.30min.HS.3
[2025-12-04 10:03:40,795] multiqc.modules.star.star                          [INFO   ]  Found 12 reports
[2025-12-04 10:03:40,796] multiqc.utils.util_functions                       [DEBUG  ]  Wrote data file multiqc_star.txt
[2025-12-04 10:03:41,329] multiqc.modules.fastqc.fastqc                      [INFO   ]  Found 12 reports
[2025-12-04 10:03:41,329] multiqc.utils.util_functions                       [DEBUG  ]  Wrote data file multiqc_fastqc.txt
[2025-12-04 10:03:41,565] multiqc.plots.plotly.heatmap                       [DEBUG  ]  Resizing from 495x540 to fit the maximum size 900x500
[2025-12-04 10:03:41,566] multiqc.plots.plotly.heatmap                       [DEBUG  ]  Heatmap size: 900x500, px per element: 81.82x41.67
[2025-12-04 10:03:41,652] multiqc.utils.software_versions                    [DEBUG  ]  Reading software versions from config.software_versions
[2025-12-04 10:03:41,659] multiqc.utils.util_functions                       [DEBUG  ]  Wrote data file multiqc_software_versions.txt
[2025-12-04 10:03:41,683] multiqc.utils.util_functions                       [DEBUG  ]  Wrote data file multiqc_general_stats.txt
[2025-12-04 10:03:41,684] multiqc                                            [DEBUG  ]  Compressing plot data
[2025-12-04 10:03:42,154] multiqc.utils.util_functions                       [DEBUG  ]  Wrote data file multiqc_data.json
[2025-12-04 10:03:42,156] multiqc                                            [INFO   ]  Report      : MultiQC/umi.consensus.html
[2025-12-04 10:03:42,156] multiqc                                            [INFO   ]  Data        : MultiQC/umi.consensus_data
[2025-12-04 10:03:42,156] multiqc                                            [DEBUG  ]  Moving data file from '/tmp/tmpecldrjym/multiqc_data' to '/vscratch/grp-vprahlad/umi_celegans_consensus/MultiQC/umi.consensus_data'
[2025-12-04 10:03:42,261] multiqc                                            [DEBUG  ]  Full report path: /vscratch/grp-vprahlad/umi_celegans_consensus/MultiQC/umi.consensus.html
[2025-12-04 10:03:42,867] multiqc                                            [INFO   ]  MultiQC complete
